(?<host>\S*) (?<clock>{.*})\n(?<event>.*)


187745667 {"187745667":1}
Initialization Complete
187745667 {"187745667":2}
Starting...
187745667 {"187745667":3, "875607286":4}
Got BEAT from Kuba
187745667 {"187745667":4, "875607286":4}
Send BEAT to 127.0.0.1:7772
187745667 {"187745667":5, "875607286":4, "984934608":5}
Got BEAT from Ivan
187745667 {"187745667":6, "875607286":4, "937757778":7, "984934608":5}
Got CACHE from Al
187745667 {"187745667":7, "875607286":4, "937757778":7, "984934608":5}
Sending CACHE to 127.0.0.1:7777
187745667 {"187745667":8, "875607286":4, "937757778":7, "984934608":5}
Sending CACHE to 127.0.0.1:7772
187745667 {"187745667":9, "875607286":8, "937757778":7, "984934608":7}
Got CACHE from Kuba
187745667 {"187745667":10, "875607286":8, "937757778":11, "984934608":7}
Got CACHE from Al
187745667 {"187745667":11, "875607286":8, "937757778":11, "984934608":7}
Sending CACHE to 127.0.0.1:7777
187745667 {"187745667":12, "875607286":8, "937757778":11, "984934608":7}
Sending CACHE to 127.0.0.1:7772
187745667 {"187745667":13, "875607286":12, "937757778":11, "984934608":11}
Got CACHE from Kuba
187745667 {"187745667":14, "875607286":12, "937757778":15, "984934608":11}
Got CACHE from Al
187745667 {"187745667":15, "875607286":12, "937757778":15, "984934608":11}
Sending CACHE to 127.0.0.1:7777
187745667 {"187745667":16, "875607286":12, "937757778":15, "984934608":11}
Sending CACHE to 127.0.0.1:7772
187745667 {"187745667":17, "875607286":16, "937757778":15, "984934608":15}
Got CACHE from Kuba
187745667 {"187745667":18, "875607286":16, "937757778":15, "984934608":15}
Sending PROPOSE to Ivan
187745667 {"187745667":19, "875607286":17, "937757778":15, "984934608":19}
Got RESERVE from Ivan
187745667 {"187745667":20, "875607286":17, "937757778":15, "984934608":19}
Sending PROPOSE to Al
187745667 {"187745667":21, "875607286":17, "937757778":20, "984934608":20}
Got RESERVE from Al
187745667 {"187745667":22, "875607286":17, "937757778":22, "984934608":20}
Got CACHE from Al
187745667 {"187745667":23, "875607286":17, "937757778":22, "984934608":20}
Sending PROPOSE to Kuba
187745667 {"187745667":24, "875607286":21, "937757778":22, "984934608":21}
Got RESERVE from Kuba
187745667 {"187745667":25, "875607286":21, "937757778":22, "984934608":21}
Sending SELECT to Ivan
187745667 {"187745667":26, "875607286":21, "937757778":22, "984934608":21}
Sending SELECT to Al
187745667 {"187745667":27, "875607286":21, "937757778":26, "984934608":23}
Got CACHE from Al
187745667 {"187745667":28, "875607286":21, "937757778":26, "984934608":23}
Sending SELECT to Kuba
187745667 {"187745667":29, "875607286":25, "937757778":26, "984934608":24}
Got CACHE from Kuba
187745667 {"187745667":30, "875607286":25, "937757778":26, "984934608":24}
Sending CACHE to 127.0.0.1:7777
187745667 {"187745667":31, "875607286":25, "937757778":26, "984934608":24}
Sending CACHE to 127.0.0.1:7772
187745667 {"187745667":32, "875607286":27, "937757778":26, "984934608":24}
Got CACHE from Kuba
187745667 {"187745667":33, "875607286":27, "937757778":26, "984934608":24}
Sending CACHE to 127.0.0.1:7777
187745667 {"187745667":34, "875607286":27, "937757778":26, "984934608":24}
Sending CACHE to 127.0.0.1:7772
187745667 {"187745667":35, "875607286":27, "937757778":30, "984934608":24}
Got CACHE from Al
187745667 {"187745667":36, "875607286":27, "937757778":30, "984934608":24}
Sending CACHE to 127.0.0.1:7777
187745667 {"187745667":37, "875607286":27, "937757778":30, "984934608":24}
Sending CACHE to 127.0.0.1:7772
187745667 {"187745667":38, "875607286":31, "937757778":30, "984934608":30}
Got CACHE from Kuba
187745667 {"187745667":39, "875607286":33, "937757778":30, "984934608":30}
Got RESCHEDULE from Kuba for test
187745667 {"187745667":40, "875607286":33, "937757778":30, "984934608":30}
Sending RESCHEDULE to Ivan
187745667 {"187745667":41, "875607286":33, "937757778":30, "984934608":34}
Got RESERVE from Ivan
187745667 {"187745667":42, "875607286":33, "937757778":30, "984934608":34}
Sending RESCHEDULE to Al
187745667 {"187745667":43, "875607286":33, "937757778":35, "984934608":35}
Got RESERVE from Al
187745667 {"187745667":44, "875607286":33, "937757778":37, "984934608":35}
Got CACHE from Al
187745667 {"187745667":45, "875607286":33, "937757778":37, "984934608":35}
Sending RESCHEDULE to Kuba
187745667 {"187745667":46, "875607286":37, "937757778":37, "984934608":36}
Got RESERVE from Kuba
187745667 {"187745667":47, "875607286":37, "937757778":37, "984934608":36}
Sending SELECT to Ivan
187745667 {"187745667":48, "875607286":37, "937757778":37, "984934608":36}
Sending SELECT to Al
187745667 {"187745667":49, "875607286":37, "937757778":41, "984934608":38}
Got CACHE from Al
187745667 {"187745667":50, "875607286":37, "937757778":41, "984934608":38}
Sending SELECT to Kuba
187745667 {"187745667":51, "875607286":41, "937757778":41, "984934608":39}
Got CACHE from Kuba
187745667 {"187745667":52, "875607286":41, "937757778":41, "984934608":39}
Sending CACHE to 127.0.0.1:7777
187745667 {"187745667":53, "875607286":41, "937757778":41, "984934608":39}
Sending CACHE to 127.0.0.1:7772
187745667 {"187745667":54, "875607286":43, "937757778":41, "984934608":39}
Got CACHE from Kuba
187745667 {"187745667":55, "875607286":43, "937757778":41, "984934608":39}
Sending CACHE to 127.0.0.1:7777
187745667 {"187745667":56, "875607286":43, "937757778":41, "984934608":39}
Sending CACHE to 127.0.0.1:7772
187745667 {"187745667":57, "875607286":45, "937757778":41, "984934608":39}
Got CACHE from Kuba
187745667 {"187745667":58, "875607286":45, "937757778":45, "984934608":39}
Got CACHE from Al
187745667 {"187745667":59, "875607286":45, "937757778":45, "984934608":39}
Sending CACHE to 127.0.0.1:7777
187745667 {"187745667":60, "875607286":45, "937757778":45, "984934608":39}
Sending CACHE to 127.0.0.1:7772
187745667 {"187745667":61, "875607286":49, "937757778":45, "984934608":46}
Got CACHE from Kuba
187745667 {"187745667":62, "875607286":49, "937757778":45, "984934608":46}
Sending CACHE to 127.0.0.1:7777
187745667 {"187745667":63, "875607286":49, "937757778":45, "984934608":46}
Sending CACHE to 127.0.0.1:7772
187745667 {"187745667":64, "875607286":49, "937757778":50, "984934608":46}
Got CACHE from Al
187745667 {"187745667":65, "875607286":49, "937757778":50, "984934608":46}
Sending CACHE to 127.0.0.1:7777
187745667 {"187745667":66, "875607286":49, "937757778":50, "984934608":46}
Sending CACHE to 127.0.0.1:7772
187745667 {"187745667":67, "875607286":53, "937757778":50, "984934608":51}
Got CACHE from Kuba
187745667 {"187745667":68, "875607286":54, "937757778":55, "984934608":54}
Got CACHE from Al
187745667 {"187745667":69, "875607286":54, "937757778":55, "984934608":54}
Sending CACHE to 127.0.0.1:7777
187745667 {"187745667":70, "875607286":54, "937757778":55, "984934608":54}
Sending CACHE to 127.0.0.1:7772
187745667 {"187745667":71, "875607286":59, "937757778":55, "984934608":59}
Got CACHE from Kuba
187745667 {"187745667":72, "875607286":60, "937757778":55, "984934608":62}
Got RESCHEDULE from Ivan for test
187745667 {"187745667":73, "875607286":60, "937757778":55, "984934608":62}
Sending RESCHEDULE to Ivan
187745667 {"187745667":74, "875607286":60, "937757778":55, "984934608":64}
Got RESERVE from Ivan
187745667 {"187745667":75, "875607286":60, "937757778":55, "984934608":64}
Sending RESCHEDULE to Al
187745667 {"187745667":76, "875607286":60, "937757778":61, "984934608":65}
Got RESERVE from Al
187745667 {"187745667":77, "875607286":60, "937757778":63, "984934608":65}
Got CACHE from Al
187745667 {"187745667":78, "875607286":60, "937757778":63, "984934608":65}
Sending RESCHEDULE to Kuba
187745667 {"187745667":79, "875607286":64, "937757778":63, "984934608":66}
Got RESERVE from Kuba
187745667 {"187745667":80, "875607286":64, "937757778":63, "984934608":66}
Sending SELECT to Ivan
187745667 {"187745667":81, "875607286":64, "937757778":63, "984934608":66}
Sending SELECT to Al
187745667 {"187745667":82, "875607286":64, "937757778":67, "984934608":68}
Got CACHE from Al
187745667 {"187745667":83, "875607286":64, "937757778":67, "984934608":68}
Sending SELECT to Kuba
187745667 {"187745667":84, "875607286":68, "937757778":67, "984934608":69}
Got CACHE from Kuba
187745667 {"187745667":85, "875607286":68, "937757778":67, "984934608":69}
Sending CACHE to 127.0.0.1:7777
187745667 {"187745667":86, "875607286":68, "937757778":67, "984934608":69}
Sending CACHE to 127.0.0.1:7772
187745667 {"187745667":87, "875607286":70, "937757778":67, "984934608":69}
Got CACHE from Kuba
187745667 {"187745667":88, "875607286":70, "937757778":67, "984934608":69}
Sending CACHE to 127.0.0.1:7777
187745667 {"187745667":89, "875607286":70, "937757778":67, "984934608":69}
Sending CACHE to 127.0.0.1:7772
187745667 {"187745667":90, "875607286":71, "937757778":72, "984934608":74}
Got CACHE from Al
875607286 {"875607286":1}
Initialization Complete
875607286 {"875607286":2}
Starting...
875607286 {"875607286":3}
Send BEAT to 127.0.0.1:7772
875607286 {"875607286":4}
Send BEAT to 127.0.0.1:7779
875607286 {"875607286":5, "984934608":4}
Got BEAT from Ivan
875607286 {"187745667":4, "875607286":6, "937757778":6, "984934608":4}
Got CACHE from Al
875607286 {"187745667":4, "875607286":7, "937757778":6, "984934608":7}
Got CACHE from Ivan
875607286 {"187745667":4, "875607286":8, "937757778":6, "984934608":7}
Sending CACHE to 127.0.0.1:7779
875607286 {"187745667":4, "875607286":9, "937757778":6, "984934608":7}
Sending CACHE to 127.0.0.1:7777
875607286 {"187745667":8, "875607286":10, "937757778":10, "984934608":7}
Got CACHE from Al
875607286 {"187745667":8, "875607286":11, "937757778":10, "984934608":11}
Got CACHE from Ivan
875607286 {"187745667":8, "875607286":12, "937757778":10, "984934608":11}
Sending CACHE to 127.0.0.1:7779
875607286 {"187745667":8, "875607286":13, "937757778":10, "984934608":11}
Sending CACHE to 127.0.0.1:7777
875607286 {"187745667":12, "875607286":14, "937757778":14, "984934608":11}
Got CACHE from Al
875607286 {"187745667":12, "875607286":15, "937757778":14, "984934608":15}
Got CACHE from Ivan
875607286 {"187745667":12, "875607286":16, "937757778":14, "984934608":15}
Sending CACHE to 127.0.0.1:7779
875607286 {"187745667":12, "875607286":17, "937757778":14, "984934608":15}
Sending CACHE to 127.0.0.1:7777
875607286 {"187745667":18, "875607286":18, "937757778":15, "984934608":21}
Got CACHE from Ivan
875607286 {"187745667":20, "875607286":19, "937757778":21, "984934608":21}
Got CACHE from Al
875607286 {"187745667":23, "875607286":20, "937757778":22, "984934608":21}
Got PROPOSE from Stewart
875607286 {"187745667":23, "875607286":21, "937757778":22, "984934608":21}
Sending RESERVE to Stewart
875607286 {"187745667":25, "875607286":22, "937757778":22, "984934608":24}
Got CACHE from Ivan
875607286 {"187745667":26, "875607286":23, "937757778":25, "984934608":24}
Got CACHE from Al
875607286 {"187745667":28, "875607286":24, "937757778":26, "984934608":24}
Got SELECT from Stewart
875607286 {"187745667":28, "875607286":25, "937757778":26, "984934608":24}
Sending CACHE to 127.0.0.1:7779
875607286 {"187745667":28, "875607286":26, "937757778":26, "984934608":24}
Sending CACHE to 127.0.0.1:7777
875607286 {"187745667":28, "875607286":27, "937757778":26, "984934608":24}
Sending CACHE to 127.0.0.1:7779
875607286 {"187745667":28, "875607286":28, "937757778":26, "984934608":24}
Sending CACHE to 127.0.0.1:7777
875607286 {"187745667":34, "875607286":29, "937757778":29, "984934608":24}
Got CACHE from Al
875607286 {"187745667":34, "875607286":30, "937757778":29, "984934608":30}
Got CACHE from Ivan
875607286 {"187745667":34, "875607286":31, "937757778":29, "984934608":30}
Sending CACHE to 127.0.0.1:7779
875607286 {"187745667":34, "875607286":32, "937757778":29, "984934608":30}
Sending CACHE to 127.0.0.1:7777
875607286 {"187745667":34, "875607286":33, "937757778":29, "984934608":30}
Requesting a RESCHEDULE from Stewart
875607286 {"187745667":40, "875607286":34, "937757778":30, "984934608":36}
Got CACHE from Ivan
875607286 {"187745667":42, "875607286":35, "937757778":36, "984934608":36}
Got CACHE from Al
875607286 {"187745667":45, "875607286":36, "937757778":37, "984934608":36}
Got a RESCHEDULE from Stewart for test
875607286 {"187745667":45, "875607286":37, "937757778":37, "984934608":36}
Sending RESERVE to Stewart
875607286 {"187745667":47, "875607286":38, "937757778":37, "984934608":39}
Got CACHE from Ivan
875607286 {"187745667":48, "875607286":39, "937757778":40, "984934608":39}
Got CACHE from Al
875607286 {"187745667":50, "875607286":40, "937757778":41, "984934608":39}
Got SELECT from Stewart
875607286 {"187745667":50, "875607286":41, "937757778":41, "984934608":39}
Sending CACHE to 127.0.0.1:7779
875607286 {"187745667":50, "875607286":42, "937757778":41, "984934608":39}
Sending CACHE to 127.0.0.1:7777
875607286 {"187745667":50, "875607286":43, "937757778":41, "984934608":39}
Sending CACHE to 127.0.0.1:7779
875607286 {"187745667":50, "875607286":44, "937757778":41, "984934608":39}
Sending CACHE to 127.0.0.1:7777
875607286 {"187745667":50, "875607286":45, "937757778":41, "984934608":39}
Sending CACHE to 127.0.0.1:7779
875607286 {"187745667":50, "875607286":46, "937757778":41, "984934608":39}
Sending CACHE to 127.0.0.1:7777
875607286 {"187745667":56, "875607286":47, "937757778":44, "984934608":39}
Got CACHE from Al
875607286 {"187745667":56, "875607286":48, "937757778":44, "984934608":46}
Got CACHE from Ivan
875607286 {"187745667":56, "875607286":49, "937757778":44, "984934608":46}
Sending CACHE to 127.0.0.1:7779
875607286 {"187745667":56, "875607286":50, "937757778":44, "984934608":46}
Sending CACHE to 127.0.0.1:7777
875607286 {"187745667":63, "875607286":51, "937757778":49, "984934608":46}
Got CACHE from Al
875607286 {"187745667":63, "875607286":52, "937757778":49, "984934608":51}
Got CACHE from Ivan
875607286 {"187745667":63, "875607286":53, "937757778":49, "984934608":51}
Sending CACHE to 127.0.0.1:7779
875607286 {"187745667":63, "875607286":54, "937757778":49, "984934608":51}
Sending CACHE to 127.0.0.1:7777
875607286 {"187745667":65, "875607286":55, "937757778":50, "984934608":55}
Got CACHE from Ivan
875607286 {"187745667":66, "875607286":56, "937757778":54, "984934608":55}
Got CACHE from Al
875607286 {"187745667":66, "875607286":57, "937757778":54, "984934608":57}
Got CACHE from Ivan
875607286 {"187745667":66, "875607286":58, "937757778":54, "984934608":59}
Got CACHE from Ivan
875607286 {"187745667":66, "875607286":59, "937757778":54, "984934608":59}
Sending CACHE to 127.0.0.1:7779
875607286 {"187745667":66, "875607286":60, "937757778":54, "984934608":59}
Sending CACHE to 127.0.0.1:7777
875607286 {"187745667":73, "875607286":61, "937757778":55, "984934608":66}
Got CACHE from Ivan
875607286 {"187745667":75, "875607286":62, "937757778":62, "984934608":66}
Got CACHE from Al
875607286 {"187745667":78, "875607286":63, "937757778":63, "984934608":66}
Got a RESCHEDULE from Stewart for test
875607286 {"187745667":78, "875607286":64, "937757778":63, "984934608":66}
Sending RESERVE to Stewart
875607286 {"187745667":80, "875607286":65, "937757778":63, "984934608":69}
Got CACHE from Ivan
875607286 {"187745667":81, "875607286":66, "937757778":66, "984934608":69}
Got CACHE from Al
875607286 {"187745667":83, "875607286":67, "937757778":67, "984934608":69}
Got SELECT from Stewart
875607286 {"187745667":83, "875607286":68, "937757778":67, "984934608":69}
Sending CACHE to 127.0.0.1:7779
875607286 {"187745667":83, "875607286":69, "937757778":67, "984934608":69}
Sending CACHE to 127.0.0.1:7777
875607286 {"187745667":83, "875607286":70, "937757778":67, "984934608":69}
Sending CACHE to 127.0.0.1:7779
875607286 {"187745667":83, "875607286":71, "937757778":67, "984934608":69}
Sending CACHE to 127.0.0.1:7777
875607286 {"187745667":88, "875607286":72, "937757778":67, "984934608":75}
Got CACHE from Ivan
875607286 {"187745667":89, "875607286":73, "937757778":71, "984934608":75}
Got CACHE from Al
875607286 {"187745667":89, "875607286":74, "937757778":71, "984934608":77}
Got CACHE from Ivan
875607286 {"187745667":89, "875607286":75, "937757778":71, "984934608":77}
Sending CACHE to 127.0.0.1:7777
937757778 {"937757778":1}
Initialization Complete
937757778 {"937757778":2}
Starting...
937757778 {"875607286":3, "937757778":3}
Got BEAT from Kuba
937757778 {"875607286":3, "937757778":4, "984934608":3}
Got BEAT from Ivan
937757778 {"187745667":4, "875607286":4, "937757778":5, "984934608":3}
Got BEAT from Stewart
937757778 {"187745667":4, "875607286":4, "937757778":6, "984934608":3}
Sending CACHE to 127.0.0.1:7775
937757778 {"187745667":4, "875607286":4, "937757778":7, "984934608":3}
Sending CACHE to 127.0.0.1:7779
937757778 {"187745667":4, "875607286":4, "937757778":8, "984934608":6}
Got CACHE from Ivan
937757778 {"187745667":8, "875607286":4, "937757778":9, "984934608":6}
Got CACHE from Stewart
937757778 {"187745667":8, "875607286":4, "937757778":10, "984934608":6}
Sending CACHE to 127.0.0.1:7775
937757778 {"187745667":8, "875607286":4, "937757778":11, "984934608":6}
Sending CACHE to 127.0.0.1:7779
937757778 {"187745667":8, "875607286":9, "937757778":12, "984934608":10}
Got CACHE from Ivan
937757778 {"187745667":12, "875607286":9, "937757778":13, "984934608":10}
Got CACHE from Stewart
937757778 {"187745667":12, "875607286":9, "937757778":14, "984934608":10}
Sending CACHE to 127.0.0.1:7775
937757778 {"187745667":12, "875607286":9, "937757778":15, "984934608":10}
Sending CACHE to 127.0.0.1:7779
937757778 {"187745667":12, "875607286":13, "937757778":16, "984934608":14}
Got CACHE from Ivan
937757778 {"187745667":16, "875607286":13, "937757778":17, "984934608":14}
Got CACHE from Stewart
937757778 {"187745667":18, "875607286":17, "937757778":18, "984934608":20}
Got CACHE from Ivan
937757778 {"187745667":20, "875607286":17, "937757778":19, "984934608":20}
Got PROPOSE from Stewart
937757778 {"187745667":20, "875607286":17, "937757778":20, "984934608":20}
Sending RESERVE to Stewart
937757778 {"187745667":20, "875607286":17, "937757778":21, "984934608":20}
Sending CACHE to 127.0.0.1:7775
937757778 {"187745667":20, "875607286":17, "937757778":22, "984934608":20}
Sending CACHE to 127.0.0.1:7779
937757778 {"187745667":25, "875607286":21, "937757778":23, "984934608":23}
Got CACHE from Ivan
937757778 {"187745667":26, "875607286":21, "937757778":24, "984934608":23}
Got SELECT from Stewart
937757778 {"187745667":26, "875607286":21, "937757778":25, "984934608":23}
Sending CACHE to 127.0.0.1:7775
937757778 {"187745667":26, "875607286":21, "937757778":26, "984934608":23}
Sending CACHE to 127.0.0.1:7779
937757778 {"187745667":31, "875607286":25, "937757778":27, "984934608":24}
Got CACHE from Stewart
937757778 {"187745667":34, "875607286":27, "937757778":28, "984934608":24}
Got CACHE from Stewart
937757778 {"187745667":34, "875607286":27, "937757778":29, "984934608":24}
Sending CACHE to 127.0.0.1:7775
937757778 {"187745667":34, "875607286":27, "937757778":30, "984934608":24}
Sending CACHE to 127.0.0.1:7779
937757778 {"187745667":34, "875607286":28, "937757778":31, "984934608":29}
Got CACHE from Ivan
937757778 {"187745667":37, "875607286":28, "937757778":32, "984934608":29}
Got CACHE from Stewart
937757778 {"187745667":40, "875607286":33, "937757778":33, "984934608":35}
Got CACHE from Ivan
937757778 {"187745667":42, "875607286":33, "937757778":34, "984934608":35}
Got a RESCHEDULE from Stewart for test
937757778 {"187745667":42, "875607286":33, "937757778":35, "984934608":35}
Sending RESERVE to Stewart
937757778 {"187745667":42, "875607286":33, "937757778":36, "984934608":35}
Sending CACHE to 127.0.0.1:7775
937757778 {"187745667":42, "875607286":33, "937757778":37, "984934608":35}
Sending CACHE to 127.0.0.1:7779
937757778 {"187745667":47, "875607286":37, "937757778":38, "984934608":38}
Got CACHE from Ivan
937757778 {"187745667":48, "875607286":37, "937757778":39, "984934608":38}
Got SELECT from Stewart
937757778 {"187745667":48, "875607286":37, "937757778":40, "984934608":38}
Sending CACHE to 127.0.0.1:7775
937757778 {"187745667":48, "875607286":37, "937757778":41, "984934608":38}
Sending CACHE to 127.0.0.1:7779
937757778 {"187745667":53, "875607286":41, "937757778":42, "984934608":39}
Got CACHE from Stewart
937757778 {"187745667":56, "875607286":43, "937757778":43, "984934608":39}
Got CACHE from Stewart
937757778 {"187745667":56, "875607286":43, "937757778":44, "984934608":39}
Sending CACHE to 127.0.0.1:7775
937757778 {"187745667":56, "875607286":43, "937757778":45, "984934608":39}
Sending CACHE to 127.0.0.1:7779
937757778 {"187745667":56, "875607286":46, "937757778":46, "984934608":45}
Got CACHE from Ivan
937757778 {"187745667":60, "875607286":46, "937757778":47, "984934608":45}
Got CACHE from Stewart
937757778 {"187745667":63, "875607286":49, "937757778":48, "984934608":46}
Got CACHE from Stewart
937757778 {"187745667":63, "875607286":49, "937757778":49, "984934608":46}
Sending CACHE to 127.0.0.1:7775
937757778 {"187745667":63, "875607286":49, "937757778":50, "984934608":46}
Sending CACHE to 127.0.0.1:7779
937757778 {"187745667":63, "875607286":50, "937757778":51, "984934608":50}
Got CACHE from Ivan
937757778 {"187745667":66, "875607286":50, "937757778":52, "984934608":50}
Got CACHE from Stewart
937757778 {"187745667":66, "875607286":54, "937757778":53, "984934608":54}
Got CACHE from Ivan
937757778 {"187745667":66, "875607286":54, "937757778":54, "984934608":54}
Sending CACHE to 127.0.0.1:7775
937757778 {"187745667":66, "875607286":54, "937757778":55, "984934608":54}
Sending CACHE to 127.0.0.1:7779
937757778 {"187745667":66, "875607286":54, "937757778":56, "984934608":56}
Got CACHE from Ivan
937757778 {"187745667":66, "875607286":54, "937757778":57, "984934608":58}
Got CACHE from Ivan
937757778 {"187745667":70, "875607286":54, "937757778":58, "984934608":58}
Got CACHE from Stewart
937757778 {"187745667":73, "875607286":60, "937757778":59, "984934608":65}
Got CACHE from Ivan
937757778 {"187745667":75, "875607286":60, "937757778":60, "984934608":65}
Got a RESCHEDULE from Stewart for test
937757778 {"187745667":75, "875607286":60, "937757778":61, "984934608":65}
Sending RESERVE to Stewart
937757778 {"187745667":75, "875607286":60, "937757778":62, "984934608":65}
Sending CACHE to 127.0.0.1:7775
937757778 {"187745667":75, "875607286":60, "937757778":63, "984934608":65}
Sending CACHE to 127.0.0.1:7779
937757778 {"187745667":80, "875607286":64, "937757778":64, "984934608":68}
Got CACHE from Ivan
937757778 {"187745667":81, "875607286":64, "937757778":65, "984934608":68}
Got SELECT from Stewart
937757778 {"187745667":81, "875607286":64, "937757778":66, "984934608":68}
Sending CACHE to 127.0.0.1:7775
937757778 {"187745667":81, "875607286":64, "937757778":67, "984934608":68}
Sending CACHE to 127.0.0.1:7779
937757778 {"187745667":86, "875607286":68, "937757778":68, "984934608":69}
Got CACHE from Stewart
937757778 {"187745667":89, "875607286":70, "937757778":69, "984934608":69}
Got CACHE from Stewart
937757778 {"187745667":89, "875607286":71, "937757778":70, "984934608":74}
Got CACHE from Ivan
937757778 {"187745667":89, "875607286":71, "937757778":71, "984934608":74}
Sending CACHE to 127.0.0.1:7775
937757778 {"187745667":89, "875607286":71, "937757778":72, "984934608":74}
Sending CACHE to 127.0.0.1:7779
937757778 {"187745667":89, "875607286":71, "937757778":73, "984934608":76}
Got CACHE from Ivan
984934608 {"984934608":1}
Initialization Complete
984934608 {"984934608":2}
Starting...
984934608 {"984934608":3}
Send BEAT to 127.0.0.1:7772
984934608 {"984934608":4}
Send BEAT to 127.0.0.1:7775
984934608 {"984934608":5}
Send BEAT to 127.0.0.1:7779
984934608 {"984934608":6}
Sending CACHE to 127.0.0.1:7772
984934608 {"984934608":7}
Sending CACHE to 127.0.0.1:7775
984934608 {"187745667":7, "875607286":4, "937757778":7, "984934608":8}
Got CACHE from Stewart
984934608 {"187745667":7, "875607286":9, "937757778":7, "984934608":9}
Got CACHE from Kuba
984934608 {"187745667":7, "875607286":9, "937757778":7, "984934608":10}
Sending CACHE to 127.0.0.1:7772
984934608 {"187745667":7, "875607286":9, "937757778":7, "984934608":11}
Sending CACHE to 127.0.0.1:7775
984934608 {"187745667":11, "875607286":9, "937757778":11, "984934608":12}
Got CACHE from Stewart
984934608 {"187745667":11, "875607286":13, "937757778":11, "984934608":13}
Got CACHE from Kuba
984934608 {"187745667":11, "875607286":13, "937757778":11, "984934608":14}
Sending CACHE to 127.0.0.1:7772
984934608 {"187745667":11, "875607286":13, "937757778":11, "984934608":15}
Sending CACHE to 127.0.0.1:7775
984934608 {"187745667":15, "875607286":13, "937757778":15, "984934608":16}
Got CACHE from Stewart
984934608 {"187745667":15, "875607286":17, "937757778":15, "984934608":17}
Got CACHE from Kuba
984934608 {"187745667":18, "875607286":17, "937757778":15, "984934608":18}
Got PROPOSE from Stewart
984934608 {"187745667":18, "875607286":17, "937757778":15, "984934608":19}
Sending RESERVE to Stewart
984934608 {"187745667":18, "875607286":17, "937757778":15, "984934608":20}
Sending CACHE to 127.0.0.1:7772
984934608 {"187745667":18, "875607286":17, "937757778":15, "984934608":21}
Sending CACHE to 127.0.0.1:7775
984934608 {"187745667":25, "875607286":21, "937757778":22, "984934608":22}
Got SELECT from Stewart
984934608 {"187745667":25, "875607286":21, "937757778":22, "984934608":23}
Sending CACHE to 127.0.0.1:7772
984934608 {"187745667":25, "875607286":21, "937757778":22, "984934608":24}
Sending CACHE to 127.0.0.1:7775
984934608 {"187745667":28, "875607286":26, "937757778":26, "984934608":25}
Got CACHE from Kuba
984934608 {"187745667":30, "875607286":26, "937757778":26, "984934608":26}
Got CACHE from Stewart
984934608 {"187745667":30, "875607286":28, "937757778":26, "984934608":27}
Got CACHE from Kuba
984934608 {"187745667":33, "875607286":28, "937757778":26, "984934608":28}
Got CACHE from Stewart
984934608 {"187745667":33, "875607286":28, "937757778":26, "984934608":29}
Sending CACHE to 127.0.0.1:7772
984934608 {"187745667":33, "875607286":28, "937757778":26, "984934608":30}
Sending CACHE to 127.0.0.1:7775
984934608 {"187745667":36, "875607286":28, "937757778":30, "984934608":31}
Got CACHE from Stewart
984934608 {"187745667":36, "875607286":32, "937757778":30, "984934608":32}
Got CACHE from Kuba
984934608 {"187745667":40, "875607286":33, "937757778":30, "984934608":33}
Got a RESCHEDULE from Stewart for test
984934608 {"187745667":40, "875607286":33, "937757778":30, "984934608":34}
Sending RESERVE to Stewart
984934608 {"187745667":40, "875607286":33, "937757778":30, "984934608":35}
Sending CACHE to 127.0.0.1:7772
984934608 {"187745667":40, "875607286":33, "937757778":30, "984934608":36}
Sending CACHE to 127.0.0.1:7775
984934608 {"187745667":47, "875607286":37, "937757778":37, "984934608":37}
Got SELECT from Stewart
984934608 {"187745667":47, "875607286":37, "937757778":37, "984934608":38}
Sending CACHE to 127.0.0.1:7772
984934608 {"187745667":47, "875607286":37, "937757778":37, "984934608":39}
Sending CACHE to 127.0.0.1:7775
984934608 {"187745667":50, "875607286":42, "937757778":41, "984934608":40}
Got CACHE from Kuba
984934608 {"187745667":52, "875607286":42, "937757778":41, "984934608":41}
Got CACHE from Stewart
984934608 {"187745667":52, "875607286":44, "937757778":41, "984934608":42}
Got CACHE from Kuba
984934608 {"187745667":55, "875607286":44, "937757778":41, "984934608":43}
Got CACHE from Stewart
984934608 {"187745667":55, "875607286":46, "937757778":41, "984934608":44}
Got CACHE from Kuba
984934608 {"187745667":55, "875607286":46, "937757778":41, "984934608":45}
Sending CACHE to 127.0.0.1:7772
984934608 {"187745667":55, "875607286":46, "937757778":41, "984934608":46}
Sending CACHE to 127.0.0.1:7775
984934608 {"187745667":59, "875607286":46, "937757778":45, "984934608":47}
Got CACHE from Stewart
984934608 {"187745667":59, "875607286":50, "937757778":45, "984934608":48}
Got CACHE from Kuba
984934608 {"187745667":62, "875607286":50, "937757778":45, "984934608":49}
Got CACHE from Stewart
984934608 {"187745667":62, "875607286":50, "937757778":45, "984934608":50}
Sending CACHE to 127.0.0.1:7772
984934608 {"187745667":62, "875607286":50, "937757778":45, "984934608":51}
Sending CACHE to 127.0.0.1:7775
984934608 {"187745667":65, "875607286":50, "937757778":50, "984934608":52}
Got CACHE from Stewart
984934608 {"187745667":65, "875607286":54, "937757778":50, "984934608":53}
Got CACHE from Kuba
984934608 {"187745667":65, "875607286":54, "937757778":50, "984934608":54}
Sending CACHE to 127.0.0.1:7772
984934608 {"187745667":65, "875607286":54, "937757778":50, "984934608":55}
Sending CACHE to 127.0.0.1:7775
984934608 {"187745667":65, "875607286":54, "937757778":50, "984934608":56}
Sending CACHE to 127.0.0.1:7772
984934608 {"187745667":65, "875607286":54, "937757778":50, "984934608":57}
Sending CACHE to 127.0.0.1:7775
984934608 {"187745667":65, "875607286":54, "937757778":50, "984934608":58}
Sending CACHE to 127.0.0.1:7772
984934608 {"187745667":65, "875607286":54, "937757778":50, "984934608":59}
Sending CACHE to 127.0.0.1:7775
984934608 {"187745667":69, "875607286":54, "937757778":55, "984934608":60}
Got CACHE from Stewart
984934608 {"187745667":69, "875607286":60, "937757778":55, "984934608":61}
Got CACHE from Kuba
984934608 {"187745667":69, "875607286":60, "937757778":55, "984934608":62}
Requesting a RESCHEDULE from Stewart
984934608 {"187745667":73, "875607286":60, "937757778":55, "984934608":63}
Got a RESCHEDULE from Stewart for test
984934608 {"187745667":73, "875607286":60, "937757778":55, "984934608":64}
Sending RESERVE to Stewart
984934608 {"187745667":73, "875607286":60, "937757778":55, "984934608":65}
Sending CACHE to 127.0.0.1:7772
984934608 {"187745667":73, "875607286":60, "937757778":55, "984934608":66}
Sending CACHE to 127.0.0.1:7775
984934608 {"187745667":80, "875607286":64, "937757778":63, "984934608":67}
Got SELECT from Stewart
984934608 {"187745667":80, "875607286":64, "937757778":63, "984934608":68}
Sending CACHE to 127.0.0.1:7772
984934608 {"187745667":80, "875607286":64, "937757778":63, "984934608":69}
Sending CACHE to 127.0.0.1:7775
984934608 {"187745667":83, "875607286":69, "937757778":67, "984934608":70}
Got CACHE from Kuba
984934608 {"187745667":85, "875607286":69, "937757778":67, "984934608":71}
Got CACHE from Stewart
984934608 {"187745667":85, "875607286":71, "937757778":67, "984934608":72}
Got CACHE from Kuba
984934608 {"187745667":88, "875607286":71, "937757778":67, "984934608":73}
Got CACHE from Stewart
984934608 {"187745667":88, "875607286":71, "937757778":67, "984934608":74}
Sending CACHE to 127.0.0.1:7772
984934608 {"187745667":88, "875607286":71, "937757778":67, "984934608":75}
Sending CACHE to 127.0.0.1:7775
984934608 {"187745667":88, "875607286":71, "937757778":67, "984934608":76}
Sending CACHE to 127.0.0.1:7772
984934608 {"187745667":88, "875607286":71, "937757778":67, "984934608":77}
Sending CACHE to 127.0.0.1:7775
984934608 {"187745667":89, "875607286":75, "937757778":71, "984934608":78}
Got CACHE from Kuba
