(?<host>\S*) (?<clock>{.*})\n(?<event>.*)


629797741 {"629797741":1}
Initialization Complete
629797741 {"629797741":2}
Starting...
629797741 {"629797741":3, "774665911":4}
Got BEAT from Ivan
629797741 {"629797741":4, "774665911":5, "790114944":5}
Got BEAT from Stewart
629797741 {"629797741":5, "774665911":5, "790114944":5}
Send BEAT to 127.0.0.1:7772
629797741 {"629797741":6, "774665911":7, "790114944":5}
Got CACHE from Ivan
629797741 {"629797741":7, "774665911":7, "790114944":5}
Sending CACHE to 127.0.0.1:7779
629797741 {"629797741":8, "774665911":7, "790114944":5}
Sending CACHE to 127.0.0.1:7777
629797741 {"629797741":9, "774665911":7, "790114944":7, "893352866":8}
Got CACHE from Al
629797741 {"629797741":10, "774665911":11, "790114944":7, "893352866":8}
Got CACHE from Ivan
629797741 {"629797741":11, "774665911":11, "790114944":7, "893352866":8}
Sending CACHE to 127.0.0.1:7779
629797741 {"629797741":12, "774665911":11, "790114944":7, "893352866":8}
Sending CACHE to 127.0.0.1:7777
629797741 {"629797741":13, "774665911":14, "790114944":11, "893352866":14}
Got CACHE from Al
629797741 {"629797741":14, "774665911":16, "790114944":11, "893352866":14}
Got PROPOSE from Ivan
629797741 {"629797741":15, "774665911":16, "790114944":11, "893352866":14}
Sending RESERVE to Ivan
629797741 {"629797741":16, "774665911":16, "790114944":11, "893352866":14}
Sending CACHE to 127.0.0.1:7779
629797741 {"629797741":17, "774665911":16, "790114944":11, "893352866":14}
Sending CACHE to 127.0.0.1:7777
629797741 {"629797741":18, "774665911":21, "790114944":16, "893352866":17}
Got CACHE from Al
629797741 {"629797741":19, "774665911":22, "790114944":16, "893352866":17}
Got SELECT from Ivan
629797741 {"629797741":20, "774665911":22, "790114944":16, "893352866":17}
Sending CACHE to 127.0.0.1:7779
629797741 {"629797741":21, "774665911":22, "790114944":16, "893352866":17}
Sending CACHE to 127.0.0.1:7777
629797741 {"629797741":22, "774665911":27, "790114944":20, "893352866":18}
Got CACHE from Ivan
629797741 {"629797741":23, "774665911":30, "790114944":22, "893352866":18}
Got CACHE from Ivan
629797741 {"629797741":24, "774665911":30, "790114944":23, "893352866":23}
Got CACHE from Al
629797741 {"629797741":25, "774665911":32, "790114944":23, "893352866":23}
Got CACHE from Ivan
629797741 {"629797741":26, "774665911":34, "790114944":23, "893352866":23}
Got CACHE from Ivan
629797741 {"629797741":27, "774665911":36, "790114944":23, "893352866":23}
Got CACHE from Ivan
629797741 {"629797741":28, "774665911":39, "790114944":25, "893352866":24}
Got CACHE from Ivan
629797741 {"629797741":29, "774665911":39, "790114944":25, "893352866":24}
Sending CACHE to 127.0.0.1:7779
629797741 {"629797741":30, "774665911":39, "790114944":25, "893352866":24}
Sending CACHE to 127.0.0.1:7777
629797741 {"629797741":31, "774665911":39, "790114944":26, "893352866":30}
Got CACHE from Al
629797741 {"629797741":32, "774665911":42, "790114944":26, "893352866":30}
Got CACHE from Ivan
629797741 {"629797741":33, "774665911":42, "790114944":26, "893352866":30}
Sending CACHE to 127.0.0.1:7779
629797741 {"629797741":34, "774665911":42, "790114944":26, "893352866":30}
Sending CACHE to 127.0.0.1:7777
629797741 {"629797741":35, "774665911":45, "790114944":30, "893352866":36}
Got CACHE from Al
629797741 {"629797741":36, "774665911":47, "790114944":30, "893352866":36}
Got PROPOSE from Ivan
629797741 {"629797741":37, "774665911":47, "790114944":30, "893352866":36}
Sending RESERVE to Ivan
629797741 {"629797741":38, "774665911":47, "790114944":30, "893352866":36}
Sending CACHE to 127.0.0.1:7779
629797741 {"629797741":39, "774665911":47, "790114944":30, "893352866":36}
Sending CACHE to 127.0.0.1:7777
629797741 {"629797741":40, "774665911":52, "790114944":35, "893352866":39}
Got CACHE from Al
629797741 {"629797741":41, "774665911":53, "790114944":35, "893352866":39}
Got SELECT from Ivan
629797741 {"629797741":42, "774665911":53, "790114944":35, "893352866":39}
Sending CACHE to 127.0.0.1:7779
629797741 {"629797741":43, "774665911":53, "790114944":35, "893352866":39}
Sending CACHE to 127.0.0.1:7777
629797741 {"629797741":44, "774665911":58, "790114944":39, "893352866":40}
Got CACHE from Ivan
629797741 {"629797741":45, "774665911":61, "790114944":41, "893352866":40}
Got CACHE from Ivan
629797741 {"629797741":46, "774665911":61, "790114944":42, "893352866":45}
Got CACHE from Al
629797741 {"629797741":47, "774665911":63, "790114944":42, "893352866":45}
Got CACHE from Ivan
629797741 {"629797741":48, "774665911":63, "790114944":42, "893352866":45}
Requesting a RESCHEDULE from Ivan
629797741 {"629797741":49, "774665911":65, "790114944":42, "893352866":50}
Got CACHE from Al
629797741 {"629797741":50, "774665911":67, "790114944":42, "893352866":50}
Got a RESCHEDULE from Ivan for letsgo
629797741 {"629797741":51, "774665911":67, "790114944":42, "893352866":50}
Sending RESERVE to Ivan
629797741 {"629797741":52, "774665911":67, "790114944":42, "893352866":50}
Sending CACHE to 127.0.0.1:7779
629797741 {"629797741":53, "774665911":67, "790114944":42, "893352866":50}
Sending CACHE to 127.0.0.1:7777
629797741 {"629797741":54, "774665911":72, "790114944":47, "893352866":53}
Got CACHE from Al
629797741 {"629797741":55, "774665911":73, "790114944":47, "893352866":53}
Got SELECT from Ivan
629797741 {"629797741":56, "774665911":73, "790114944":47, "893352866":53}
Sending CACHE to 127.0.0.1:7779
629797741 {"629797741":57, "774665911":73, "790114944":47, "893352866":53}
Sending CACHE to 127.0.0.1:7777
629797741 {"629797741":58, "774665911":78, "790114944":51, "893352866":54}
Got CACHE from Ivan
629797741 {"629797741":59, "774665911":81, "790114944":53, "893352866":54}
Got CACHE from Ivan
629797741 {"629797741":60, "774665911":81, "790114944":53, "893352866":54}
Sending CACHE to 127.0.0.1:7779
629797741 {"629797741":61, "774665911":81, "790114944":53, "893352866":54}
Sending CACHE to 127.0.0.1:7777
629797741 {"629797741":62, "774665911":81, "790114944":53, "893352866":54}
Sending CACHE to 127.0.0.1:7779
629797741 {"629797741":63, "774665911":81, "790114944":53, "893352866":54}
Sending CACHE to 127.0.0.1:7777
629797741 {"629797741":64, "774665911":81, "790114944":57, "893352866":60}
Got CACHE from Al
774665911 {"774665911":1}
Initialization Complete
774665911 {"774665911":2}
Starting...
774665911 {"774665911":3}
Send BEAT to 127.0.0.1:7772
774665911 {"774665911":4}
Send BEAT to 127.0.0.1:7775
774665911 {"774665911":5}
Send BEAT to 127.0.0.1:7779
774665911 {"774665911":6}
Sending CACHE to 127.0.0.1:7772
774665911 {"774665911":7}
Sending CACHE to 127.0.0.1:7775
774665911 {"774665911":8, "790114944":6}
Got CACHE from Stewart
774665911 {"629797741":8, "774665911":9, "790114944":6}
Got CACHE from Kuba
774665911 {"629797741":8, "774665911":10, "790114944":6}
Sending CACHE to 127.0.0.1:7772
774665911 {"629797741":8, "774665911":11, "790114944":6}
Sending CACHE to 127.0.0.1:7775
774665911 {"629797741":8, "774665911":12, "790114944":10, "893352866":9}
Got CACHE from Stewart
774665911 {"629797741":12, "774665911":13, "790114944":10, "893352866":9}
Got CACHE from Kuba
774665911 {"629797741":12, "774665911":14, "790114944":10, "893352866":9}
Sending PROPOSE to Al
774665911 {"629797741":12, "774665911":15, "790114944":11, "893352866":13}
Got RESERVE from Al
774665911 {"629797741":12, "774665911":16, "790114944":11, "893352866":13}
Sending PROPOSE to Kuba
774665911 {"629797741":15, "774665911":17, "790114944":11, "893352866":14}
Got RESERVE from Kuba
774665911 {"629797741":17, "774665911":18, "790114944":11, "893352866":14}
Got CACHE from Kuba
774665911 {"629797741":17, "774665911":19, "790114944":11, "893352866":14}
Sending PROPOSE to Stewart
774665911 {"629797741":17, "774665911":20, "790114944":16, "893352866":15}
Got RESERVE from Stewart
774665911 {"629797741":17, "774665911":21, "790114944":16, "893352866":15}
Sending SELECT to Al
774665911 {"629797741":17, "774665911":22, "790114944":16, "893352866":15}
Sending SELECT to Kuba
774665911 {"629797741":21, "774665911":23, "790114944":16, "893352866":17}
Got CACHE from Kuba
774665911 {"629797741":21, "774665911":24, "790114944":16, "893352866":17}
Sending SELECT to Stewart
774665911 {"629797741":21, "774665911":25, "790114944":20, "893352866":18}
Got CACHE from Stewart
774665911 {"629797741":21, "774665911":26, "790114944":20, "893352866":18}
Sending CACHE to 127.0.0.1:7772
774665911 {"629797741":21, "774665911":27, "790114944":20, "893352866":18}
Sending CACHE to 127.0.0.1:7775
774665911 {"629797741":21, "774665911":28, "790114944":22, "893352866":18}
Got CACHE from Stewart
774665911 {"629797741":21, "774665911":29, "790114944":22, "893352866":18}
Sending CACHE to 127.0.0.1:7772
774665911 {"629797741":21, "774665911":30, "790114944":22, "893352866":18}
Sending CACHE to 127.0.0.1:7775
774665911 {"629797741":21, "774665911":31, "790114944":22, "893352866":18}
Sending CACHE to 127.0.0.1:7772
774665911 {"629797741":21, "774665911":32, "790114944":22, "893352866":18}
Sending CACHE to 127.0.0.1:7775
774665911 {"629797741":21, "774665911":33, "790114944":22, "893352866":18}
Sending CACHE to 127.0.0.1:7772
774665911 {"629797741":21, "774665911":34, "790114944":22, "893352866":18}
Sending CACHE to 127.0.0.1:7775
774665911 {"629797741":21, "774665911":35, "790114944":22, "893352866":18}
Sending CACHE to 127.0.0.1:7772
774665911 {"629797741":21, "774665911":36, "790114944":22, "893352866":18}
Sending CACHE to 127.0.0.1:7775
774665911 {"629797741":21, "774665911":37, "790114944":25, "893352866":24}
Got CACHE from Stewart
774665911 {"629797741":21, "774665911":38, "790114944":25, "893352866":24}
Sending CACHE to 127.0.0.1:7772
774665911 {"629797741":21, "774665911":39, "790114944":25, "893352866":24}
Sending CACHE to 127.0.0.1:7775
774665911 {"629797741":30, "774665911":40, "790114944":25, "893352866":24}
Got CACHE from Kuba
774665911 {"629797741":30, "774665911":41, "790114944":25, "893352866":24}
Sending CACHE to 127.0.0.1:7772
774665911 {"629797741":30, "774665911":42, "790114944":25, "893352866":24}
Sending CACHE to 127.0.0.1:7775
774665911 {"629797741":30, "774665911":43, "790114944":29, "893352866":31}
Got CACHE from Stewart
774665911 {"629797741":34, "774665911":44, "790114944":29, "893352866":31}
Got CACHE from Kuba
774665911 {"629797741":34, "774665911":45, "790114944":29, "893352866":31}
Sending PROPOSE to Al
774665911 {"629797741":34, "774665911":46, "790114944":30, "893352866":35}
Got RESERVE from Al
774665911 {"629797741":34, "774665911":47, "790114944":30, "893352866":35}
Sending PROPOSE to Kuba
774665911 {"629797741":37, "774665911":48, "790114944":30, "893352866":36}
Got RESERVE from Kuba
774665911 {"629797741":39, "774665911":49, "790114944":30, "893352866":36}
Got CACHE from Kuba
774665911 {"629797741":39, "774665911":50, "790114944":30, "893352866":36}
Sending PROPOSE to Stewart
774665911 {"629797741":39, "774665911":51, "790114944":35, "893352866":37}
Got RESERVE from Stewart
774665911 {"629797741":39, "774665911":52, "790114944":35, "893352866":37}
Sending SELECT to Al
774665911 {"629797741":39, "774665911":53, "790114944":35, "893352866":37}
Sending SELECT to Kuba
774665911 {"629797741":43, "774665911":54, "790114944":35, "893352866":39}
Got CACHE from Kuba
774665911 {"629797741":43, "774665911":55, "790114944":35, "893352866":39}
Sending SELECT to Stewart
774665911 {"629797741":43, "774665911":56, "790114944":39, "893352866":40}
Got CACHE from Stewart
774665911 {"629797741":43, "774665911":57, "790114944":39, "893352866":40}
Sending CACHE to 127.0.0.1:7772
774665911 {"629797741":43, "774665911":58, "790114944":39, "893352866":40}
Sending CACHE to 127.0.0.1:7775
774665911 {"629797741":43, "774665911":59, "790114944":41, "893352866":40}
Got CACHE from Stewart
774665911 {"629797741":43, "774665911":60, "790114944":41, "893352866":40}
Sending CACHE to 127.0.0.1:7772
774665911 {"629797741":43, "774665911":61, "790114944":41, "893352866":40}
Sending CACHE to 127.0.0.1:7775
774665911 {"629797741":43, "774665911":62, "790114944":41, "893352866":40}
Sending CACHE to 127.0.0.1:7772
774665911 {"629797741":43, "774665911":63, "790114944":41, "893352866":40}
Sending CACHE to 127.0.0.1:7775
774665911 {"629797741":48, "774665911":64, "790114944":42, "893352866":45}
Got RESCHEDULE from Kuba for letsgo
774665911 {"629797741":48, "774665911":65, "790114944":42, "893352866":45}
Sending RESCHEDULE to Al
774665911 {"629797741":48, "774665911":66, "790114944":42, "893352866":49}
Got RESERVE from Al
774665911 {"629797741":48, "774665911":67, "790114944":42, "893352866":49}
Sending RESCHEDULE to Kuba
774665911 {"629797741":51, "774665911":68, "790114944":42, "893352866":50}
Got RESERVE from Kuba
774665911 {"629797741":53, "774665911":69, "790114944":42, "893352866":50}
Got CACHE from Kuba
774665911 {"629797741":53, "774665911":70, "790114944":42, "893352866":50}
Sending RESCHEDULE to Stewart
774665911 {"629797741":53, "774665911":71, "790114944":47, "893352866":51}
Got RESERVE from Stewart
774665911 {"629797741":53, "774665911":72, "790114944":47, "893352866":51}
Sending SELECT to Al
774665911 {"629797741":53, "774665911":73, "790114944":47, "893352866":51}
Sending SELECT to Kuba
774665911 {"629797741":57, "774665911":74, "790114944":47, "893352866":53}
Got CACHE from Kuba
774665911 {"629797741":57, "774665911":75, "790114944":47, "893352866":53}
Sending SELECT to Stewart
774665911 {"629797741":57, "774665911":76, "790114944":51, "893352866":54}
Got CACHE from Stewart
774665911 {"629797741":57, "774665911":77, "790114944":51, "893352866":54}
Sending CACHE to 127.0.0.1:7772
774665911 {"629797741":57, "774665911":78, "790114944":51, "893352866":54}
Sending CACHE to 127.0.0.1:7775
774665911 {"629797741":57, "774665911":79, "790114944":53, "893352866":54}
Got CACHE from Stewart
774665911 {"629797741":57, "774665911":80, "790114944":53, "893352866":54}
Sending CACHE to 127.0.0.1:7772
774665911 {"629797741":57, "774665911":81, "790114944":53, "893352866":54}
Sending CACHE to 127.0.0.1:7775
774665911 {"629797741":61, "774665911":82, "790114944":53, "893352866":54}
Got CACHE from Kuba
774665911 {"629797741":61, "774665911":83, "790114944":56, "893352866":54}
Got CACHE from Stewart
774665911 {"629797741":63, "774665911":84, "790114944":56, "893352866":54}
Got CACHE from Kuba
790114944 {"790114944":1}
Initialization Complete
790114944 {"790114944":2}
Starting...
790114944 {"790114944":3}
Send BEAT to 127.0.0.1:7772
790114944 {"774665911":5, "790114944":4}
Got BEAT from Ivan
790114944 {"774665911":5, "790114944":5}
Send BEAT to 127.0.0.1:7775
790114944 {"774665911":5, "790114944":6}
Sending CACHE to 127.0.0.1:7777
790114944 {"774665911":5, "790114944":7}
Sending CACHE to 127.0.0.1:7772
790114944 {"629797741":7, "774665911":7, "790114944":8}
Got CACHE from Kuba
790114944 {"629797741":7, "774665911":7, "790114944":9, "893352866":9}
Got CACHE from Al
790114944 {"629797741":7, "774665911":7, "790114944":10, "893352866":9}
Sending CACHE to 127.0.0.1:7777
790114944 {"629797741":7, "774665911":7, "790114944":11, "893352866":9}
Sending CACHE to 127.0.0.1:7772
790114944 {"629797741":11, "774665911":11, "790114944":12, "893352866":9}
Got CACHE from Kuba
790114944 {"629797741":12, "774665911":14, "790114944":13, "893352866":15}
Got CACHE from Al
790114944 {"629797741":16, "774665911":16, "790114944":14, "893352866":15}
Got CACHE from Kuba
790114944 {"629797741":17, "774665911":19, "790114944":15, "893352866":15}
Got PROPOSE from Ivan
790114944 {"629797741":17, "774665911":19, "790114944":16, "893352866":15}
Sending RESERVE to Ivan
790114944 {"629797741":17, "774665911":21, "790114944":17, "893352866":18}
Got CACHE from Al
790114944 {"629797741":20, "774665911":22, "790114944":18, "893352866":18}
Got CACHE from Kuba
790114944 {"629797741":21, "774665911":24, "790114944":19, "893352866":18}
Got SELECT from Ivan
790114944 {"629797741":21, "774665911":24, "790114944":20, "893352866":18}
Sending CACHE to 127.0.0.1:7777
790114944 {"629797741":21, "774665911":24, "790114944":21, "893352866":18}
Sending CACHE to 127.0.0.1:7772
790114944 {"629797741":21, "774665911":24, "790114944":22, "893352866":18}
Sending CACHE to 127.0.0.1:7777
790114944 {"629797741":21, "774665911":24, "790114944":23, "893352866":18}
Sending CACHE to 127.0.0.1:7772
790114944 {"629797741":21, "774665911":29, "790114944":24, "893352866":24}
Got CACHE from Al
790114944 {"629797741":21, "774665911":29, "790114944":25, "893352866":24}
Sending CACHE to 127.0.0.1:7777
790114944 {"629797741":21, "774665911":29, "790114944":26, "893352866":24}
Sending CACHE to 127.0.0.1:7772
790114944 {"629797741":29, "774665911":39, "790114944":27, "893352866":24}
Got CACHE from Kuba
790114944 {"629797741":29, "774665911":39, "790114944":28, "893352866":31}
Got CACHE from Al
790114944 {"629797741":29, "774665911":39, "790114944":29, "893352866":31}
Sending CACHE to 127.0.0.1:7777
790114944 {"629797741":29, "774665911":39, "790114944":30, "893352866":31}
Sending CACHE to 127.0.0.1:7772
790114944 {"629797741":33, "774665911":42, "790114944":31, "893352866":31}
Got CACHE from Kuba
790114944 {"629797741":34, "774665911":45, "790114944":32, "893352866":37}
Got CACHE from Al
790114944 {"629797741":38, "774665911":47, "790114944":33, "893352866":37}
Got CACHE from Kuba
790114944 {"629797741":39, "774665911":50, "790114944":34, "893352866":37}
Got PROPOSE from Ivan
790114944 {"629797741":39, "774665911":50, "790114944":35, "893352866":37}
Sending RESERVE to Ivan
790114944 {"629797741":39, "774665911":52, "790114944":36, "893352866":40}
Got CACHE from Al
790114944 {"629797741":42, "774665911":53, "790114944":37, "893352866":40}
Got CACHE from Kuba
790114944 {"629797741":43, "774665911":55, "790114944":38, "893352866":40}
Got SELECT from Ivan
790114944 {"629797741":43, "774665911":55, "790114944":39, "893352866":40}
Sending CACHE to 127.0.0.1:7777
790114944 {"629797741":43, "774665911":55, "790114944":40, "893352866":40}
Sending CACHE to 127.0.0.1:7772
790114944 {"629797741":43, "774665911":55, "790114944":41, "893352866":40}
Sending CACHE to 127.0.0.1:7777
790114944 {"629797741":43, "774665911":55, "790114944":42, "893352866":40}
Sending CACHE to 127.0.0.1:7772
790114944 {"629797741":43, "774665911":60, "790114944":43, "893352866":46}
Got CACHE from Al
790114944 {"629797741":48, "774665911":65, "790114944":44, "893352866":51}
Got CACHE from Al
790114944 {"629797741":52, "774665911":67, "790114944":45, "893352866":51}
Got CACHE from Kuba
790114944 {"629797741":53, "774665911":70, "790114944":46, "893352866":51}
Got a RESCHEDULE from Ivan for letsgo
790114944 {"629797741":53, "774665911":70, "790114944":47, "893352866":51}
Sending RESERVE to Ivan
790114944 {"629797741":53, "774665911":72, "790114944":48, "893352866":54}
Got CACHE from Al
790114944 {"629797741":56, "774665911":73, "790114944":49, "893352866":54}
Got CACHE from Kuba
790114944 {"629797741":57, "774665911":75, "790114944":50, "893352866":54}
Got SELECT from Ivan
790114944 {"629797741":57, "774665911":75, "790114944":51, "893352866":54}
Sending CACHE to 127.0.0.1:7777
790114944 {"629797741":57, "774665911":75, "790114944":52, "893352866":54}
Sending CACHE to 127.0.0.1:7772
790114944 {"629797741":57, "774665911":75, "790114944":53, "893352866":54}
Sending CACHE to 127.0.0.1:7777
790114944 {"629797741":57, "774665911":75, "790114944":54, "893352866":54}
Sending CACHE to 127.0.0.1:7772
790114944 {"629797741":60, "774665911":81, "790114944":55, "893352866":54}
Got CACHE from Kuba
790114944 {"629797741":60, "774665911":81, "790114944":56, "893352866":54}
Sending CACHE to 127.0.0.1:7777
790114944 {"629797741":60, "774665911":81, "790114944":57, "893352866":54}
Sending CACHE to 127.0.0.1:7772
790114944 {"629797741":62, "774665911":81, "790114944":58, "893352866":54}
Got CACHE from Kuba
790114944 {"629797741":62, "774665911":81, "790114944":59, "893352866":61}
Got CACHE from Al
893352866 {"893352866":1}
Initialization Complete
893352866 {"893352866":2}
Starting...
893352866 {"774665911":3, "893352866":3}
Got BEAT from Ivan
893352866 {"774665911":3, "790114944":3, "893352866":4}
Got BEAT from Stewart
893352866 {"629797741":5, "774665911":5, "790114944":5, "893352866":5}
Got BEAT from Kuba
893352866 {"629797741":5, "774665911":6, "790114944":5, "893352866":6}
Got CACHE from Ivan
893352866 {"629797741":5, "774665911":6, "790114944":7, "893352866":7}
Got CACHE from Stewart
893352866 {"629797741":5, "774665911":6, "790114944":7, "893352866":8}
Sending CACHE to 127.0.0.1:7775
893352866 {"629797741":5, "774665911":6, "790114944":7, "893352866":9}
Sending CACHE to 127.0.0.1:7779
893352866 {"629797741":8, "774665911":10, "790114944":7, "893352866":10}
Got CACHE from Ivan
893352866 {"629797741":8, "774665911":10, "790114944":11, "893352866":11}
Got CACHE from Stewart
893352866 {"629797741":12, "774665911":14, "790114944":11, "893352866":12}
Got PROPOSE from Ivan
893352866 {"629797741":12, "774665911":14, "790114944":11, "893352866":13}
Sending RESERVE to Ivan
893352866 {"629797741":12, "774665911":14, "790114944":11, "893352866":14}
Sending CACHE to 127.0.0.1:7775
893352866 {"629797741":12, "774665911":14, "790114944":11, "893352866":15}
Sending CACHE to 127.0.0.1:7779
893352866 {"629797741":17, "774665911":21, "790114944":16, "893352866":16}
Got SELECT from Ivan
893352866 {"629797741":17, "774665911":21, "790114944":16, "893352866":17}
Sending CACHE to 127.0.0.1:7775
893352866 {"629797741":17, "774665911":21, "790114944":16, "893352866":18}
Sending CACHE to 127.0.0.1:7779
893352866 {"629797741":21, "774665911":24, "790114944":21, "893352866":19}
Got CACHE from Stewart
893352866 {"629797741":21, "774665911":26, "790114944":21, "893352866":20}
Got CACHE from Ivan
893352866 {"629797741":21, "774665911":26, "790114944":23, "893352866":21}
Got CACHE from Stewart
893352866 {"629797741":21, "774665911":29, "790114944":23, "893352866":22}
Got CACHE from Ivan
893352866 {"629797741":21, "774665911":29, "790114944":23, "893352866":23}
Sending CACHE to 127.0.0.1:7775
893352866 {"629797741":21, "774665911":29, "790114944":23, "893352866":24}
Sending CACHE to 127.0.0.1:7779
893352866 {"629797741":21, "774665911":31, "790114944":23, "893352866":25}
Got CACHE from Ivan
893352866 {"629797741":21, "774665911":33, "790114944":23, "893352866":26}
Got CACHE from Ivan
893352866 {"629797741":21, "774665911":35, "790114944":23, "893352866":27}
Got CACHE from Ivan
893352866 {"629797741":21, "774665911":35, "790114944":26, "893352866":28}
Got CACHE from Stewart
893352866 {"629797741":21, "774665911":38, "790114944":26, "893352866":29}
Got CACHE from Ivan
893352866 {"629797741":21, "774665911":38, "790114944":26, "893352866":30}
Sending CACHE to 127.0.0.1:7775
893352866 {"629797741":21, "774665911":38, "790114944":26, "893352866":31}
Sending CACHE to 127.0.0.1:7779
893352866 {"629797741":30, "774665911":41, "790114944":26, "893352866":32}
Got CACHE from Ivan
893352866 {"629797741":30, "774665911":41, "790114944":30, "893352866":33}
Got CACHE from Stewart
893352866 {"629797741":34, "774665911":45, "790114944":30, "893352866":34}
Got PROPOSE from Ivan
893352866 {"629797741":34, "774665911":45, "790114944":30, "893352866":35}
Sending RESERVE to Ivan
893352866 {"629797741":34, "774665911":45, "790114944":30, "893352866":36}
Sending CACHE to 127.0.0.1:7775
893352866 {"629797741":34, "774665911":45, "790114944":30, "893352866":37}
Sending CACHE to 127.0.0.1:7779
893352866 {"629797741":39, "774665911":52, "790114944":35, "893352866":38}
Got SELECT from Ivan
893352866 {"629797741":39, "774665911":52, "790114944":35, "893352866":39}
Sending CACHE to 127.0.0.1:7775
893352866 {"629797741":39, "774665911":52, "790114944":35, "893352866":40}
Sending CACHE to 127.0.0.1:7779
893352866 {"629797741":43, "774665911":55, "790114944":40, "893352866":41}
Got CACHE from Stewart
893352866 {"629797741":43, "774665911":57, "790114944":40, "893352866":42}
Got CACHE from Ivan
893352866 {"629797741":43, "774665911":57, "790114944":42, "893352866":43}
Got CACHE from Stewart
893352866 {"629797741":43, "774665911":60, "790114944":42, "893352866":44}
Got CACHE from Ivan
893352866 {"629797741":43, "774665911":60, "790114944":42, "893352866":45}
Sending CACHE to 127.0.0.1:7775
893352866 {"629797741":43, "774665911":60, "790114944":42, "893352866":46}
Sending CACHE to 127.0.0.1:7779
893352866 {"629797741":43, "774665911":62, "790114944":42, "893352866":47}
Got CACHE from Ivan
893352866 {"629797741":48, "774665911":65, "790114944":42, "893352866":48}
Got a RESCHEDULE from Ivan for letsgo
893352866 {"629797741":48, "774665911":65, "790114944":42, "893352866":49}
Sending RESERVE to Ivan
893352866 {"629797741":48, "774665911":65, "790114944":42, "893352866":50}
Sending CACHE to 127.0.0.1:7775
893352866 {"629797741":48, "774665911":65, "790114944":42, "893352866":51}
Sending CACHE to 127.0.0.1:7779
893352866 {"629797741":53, "774665911":72, "790114944":47, "893352866":52}
Got SELECT from Ivan
893352866 {"629797741":53, "774665911":72, "790114944":47, "893352866":53}
Sending CACHE to 127.0.0.1:7775
893352866 {"629797741":53, "774665911":72, "790114944":47, "893352866":54}
Sending CACHE to 127.0.0.1:7779
893352866 {"629797741":57, "774665911":75, "790114944":52, "893352866":55}
Got CACHE from Stewart
893352866 {"629797741":57, "774665911":77, "790114944":52, "893352866":56}
Got CACHE from Ivan
893352866 {"629797741":57, "774665911":77, "790114944":54, "893352866":57}
Got CACHE from Stewart
893352866 {"629797741":57, "774665911":80, "790114944":54, "893352866":58}
Got CACHE from Ivan
893352866 {"629797741":60, "774665911":81, "790114944":57, "893352866":59}
Got CACHE from Stewart
893352866 {"629797741":60, "774665911":81, "790114944":57, "893352866":60}
Sending CACHE to 127.0.0.1:7775
893352866 {"629797741":60, "774665911":81, "790114944":57, "893352866":61}
Sending CACHE to 127.0.0.1:7779
